#
# There is insufficient memory for the Java Runtime Environment to continue.
# Native memory allocation (malloc) failed to allocate 292896 bytes for Chunk::new
# Possible reasons:
#   The system is out of physical RAM or swap space
#   In 32 bit mode, the process size limit was hit
# Possible solutions:
#   Reduce memory load on the system
#   Increase physical memory or swap space
#   Check if swap backing store is full
#   Use 64 bit Java on a 64 bit OS
#   Decrease Java heap size (-Xmx/-Xms)
#   Decrease number of Java threads
#   Decrease Java thread stack sizes (-Xss)
#   Set larger code cache with -XX:ReservedCodeCacheSize=
# This output file may be truncated or incomplete.
#
#  Out of Memory Error (allocation.cpp:390), pid=332, tid=0x00000000000021a0
#
# JRE version: Java(TM) SE Runtime Environment (8.0_172-b11) (build 1.8.0_172-b11)
# Java VM: Java HotSpot(TM) 64-Bit Server VM (25.172-b11 mixed mode windows-amd64 compressed oops)
# Failed to write core dump. Minidumps are not enabled by default on client versions of Windows
#

---------------  T H R E A D  ---------------

Current thread (0x00000000177e7000):  JavaThread "C2 CompilerThread0" daemon [_thread_in_native, id=8608, stack(0x0000000018f20000,0x0000000019020000)]

Stack: [0x0000000018f20000,0x0000000019020000]
[error occurred during error reporting (printing stack bounds), id 0xc0000005]

Native frames: (J=compiled Java code, j=interpreted, Vv=VM code, C=native code)


Current CompileTask:
C2:   1134  349   !   4       sun.misc.URLClassPath$JarLoader::getResource (85 bytes)


---------------  P R O C E S S  ---------------

Java Threads: ( => current thread )
  0x000000001929e000 JavaThread "Service Thread" daemon [_thread_blocked, id=4664, stack(0x0000000019620000,0x0000000019720000)]
  0x00000000177ef000 JavaThread "C1 CompilerThread2" daemon [_thread_blocked, id=9128, stack(0x0000000019120000,0x0000000019220000)]
  0x00000000177eb000 JavaThread "C2 CompilerThread1" daemon [_thread_in_native, id=5096, stack(0x0000000019020000,0x0000000019120000)]
=>0x00000000177e7000 JavaThread "C2 CompilerThread0" daemon [_thread_in_native, id=8608, stack(0x0000000018f20000,0x0000000019020000)]
  0x00000000177e5000 JavaThread "Attach Listener" daemon [_thread_blocked, id=9036, stack(0x0000000018e20000,0x0000000018f20000)]
  0x0000000017833800 JavaThread "Signal Dispatcher" daemon [_thread_blocked, id=9892, stack(0x0000000018d20000,0x0000000018e20000)]
  0x00000000051db000 JavaThread "Finalizer" daemon [_thread_blocked, id=3948, stack(0x0000000018a30000,0x0000000018b30000)]
  0x00000000177a9000 JavaThread "Reference Handler" daemon [_thread_blocked, id=1248, stack(0x0000000018930000,0x0000000018a30000)]
  0x00000000050de000 JavaThread "main" [_thread_in_native, id=3192, stack(0x0000000004f10000,0x0000000005010000)]

Other Threads:
  0x00000000177a8000 VMThread [stack: 0x0000000018830000,0x0000000018930000] [id=1948]
  0x00000000192a9000 WatcherThread [stack: 0x0000000019720000,0x0000000019820000] [id=8532]

VM state:not at safepoint (normal execution)

VM Mutex/Monitor currently owned by a thread: None

Heap:
 PSYoungGen      total 18944K, used 11506K [0x00000000eb200000, 0x00000000ec700000, 0x0000000100000000)
  eden space 16384K, 70% used [0x00000000eb200000,0x00000000ebd3c938,0x00000000ec200000)
  from space 2560K, 0% used [0x00000000ec480000,0x00000000ec480000,0x00000000ec700000)
  to   space 2560K, 0% used [0x00000000ec200000,0x00000000ec200000,0x00000000ec480000)
 ParOldGen       total 44032K, used 0K [0x00000000c1600000, 0x00000000c4100000, 0x00000000eb200000)
  object space 44032K, 0% used [0x00000000c1600000,0x00000000c1600000,0x00000000c4100000)
 Metaspace       used 5262K, capacity 5488K, committed 5632K, reserved 1056768K
  class space    used 654K, capacity 704K, committed 768K, reserved 1048576K

Card table byte_map: [0x00000000145a0000,0x00000000147a0000] byte_map_base: 0x0000000013f95000

Marking Bits: (ParMarkBitMap*) 0x00000000609c3c10
 Begin Bits: [0x0000000014cf0000, 0x0000000015c98000)
 End Bits:   [0x0000000015c98000, 0x0000000016c40000)

Polling page: 0x0000000003170000

CodeCache: size=245760Kb used=1877Kb max_used=1877Kb free=243882Kb
 bounds [0x00000000051e0000, 0x0000000005450000, 0x00000000141e0000]
 total_blobs=633 nmethods=353 adapters=193
 compilation: enabled

Compilation events (10 events):
Event: 1.111 Thread 0x00000000177ef000  351       3       java.lang.ThreadLocal::get (38 bytes)
Event: 1.111 Thread 0x00000000177ef000 nmethod 351 0x00000000053b0250 code [0x00000000053b03e0, 0x00000000053b0768]
Event: 1.114 Thread 0x00000000177ef000  352       3       java.util.jar.JarFile::getManifestFromReference (113 bytes)
Event: 1.117 Thread 0x00000000177ef000 nmethod 352 0x00000000053adb50 code [0x00000000053ade80, 0x00000000053af4d8]
Event: 1.119 Thread 0x00000000177ef000  353       3       java.lang.ClassNotFoundException::<init> (7 bytes)
Event: 1.119 Thread 0x00000000177ef000 nmethod 353 0x00000000053ad690 code [0x00000000053ad800, 0x00000000053ada48]
Event: 1.120 Thread 0x00000000177ef000  354       3       java.security.CodeSource::hashCode (17 bytes)
Event: 1.120 Thread 0x00000000177ef000 nmethod 354 0x00000000053b54d0 code [0x00000000053b5660, 0x00000000053b5be8]
Event: 1.120 Thread 0x00000000177ef000  355  s    3       java.net.URL::hashCode (30 bytes)
Event: 1.120 Thread 0x00000000177ef000 nmethod 355 0x00000000053b5d90 code [0x00000000053b5f00, 0x00000000053b6328]

GC Heap History (0 events):
No events

Deoptimization events (1 events):
Event: 0.889 Thread 0x00000000050de000 Uncommon trap: reason=unstable_if action=reinterpret pc=0x00000000053633f8 method=java.lang.String.startsWith(Ljava/lang/String;I)Z @ 25

Classes redefined (0 events):
No events

Internal exceptions (9 events):
Event: 0.260 Thread 0x00000000050de000 Exception <a 'java/lang/NoSuchMethodError': Method sun.misc.Unsafe.defineClass(Ljava/lang/String;[BII)Ljava/lang/Class; name or signature does not match> (0x00000000eb207cb0) thrown at [C:\re\workspace\8-2-build-windows-amd64-cygwin\jdk8u172\10810\hotspot
Event: 0.260 Thread 0x00000000050de000 Exception <a 'java/lang/NoSuchMethodError': Method sun.misc.Unsafe.prefetchRead(Ljava/lang/Object;J)V name or signature does not match> (0x00000000eb207f98) thrown at [C:\re\workspace\8-2-build-windows-amd64-cygwin\jdk8u172\10810\hotspot\src\share\vm\prim
Event: 0.618 Thread 0x00000000050de000 Exception <a 'java/security/PrivilegedActionException'> (0x00000000eb3796b0) thrown at [C:\re\workspace\8-2-build-windows-amd64-cygwin\jdk8u172\10810\hotspot\src\share\vm\prims\jvm.cpp, line 1435]
Event: 0.618 Thread 0x00000000050de000 Exception <a 'java/security/PrivilegedActionException'> (0x00000000eb3798c0) thrown at [C:\re\workspace\8-2-build-windows-amd64-cygwin\jdk8u172\10810\hotspot\src\share\vm\prims\jvm.cpp, line 1435]
Event: 0.619 Thread 0x00000000050de000 Exception <a 'java/security/PrivilegedActionException'> (0x00000000eb37d7d0) thrown at [C:\re\workspace\8-2-build-windows-amd64-cygwin\jdk8u172\10810\hotspot\src\share\vm\prims\jvm.cpp, line 1435]
Event: 0.619 Thread 0x00000000050de000 Exception <a 'java/security/PrivilegedActionException'> (0x00000000eb37d9e0) thrown at [C:\re\workspace\8-2-build-windows-amd64-cygwin\jdk8u172\10810\hotspot\src\share\vm\prims\jvm.cpp, line 1435]
Event: 0.992 Thread 0x00000000050de000 Exception <a 'java/lang/ArrayIndexOutOfBoundsException': 100> (0x00000000eb9eead8) thrown at [C:\re\workspace\8-2-build-windows-amd64-cygwin\jdk8u172\10810\hotspot\src\share\vm\interpreter\interpreterRuntime.cpp, line 366]
Event: 0.995 Thread 0x00000000050de000 Exception <a 'java/lang/ArrayIndexOutOfBoundsException': 18> (0x00000000eb9efb58) thrown at [C:\re\workspace\8-2-build-windows-amd64-cygwin\jdk8u172\10810\hotspot\src\share\vm\interpreter\interpreterRuntime.cpp, line 366]
Event: 0.996 Thread 0x00000000050de000 Exception <a 'java/lang/ArrayIndexOutOfBoundsException': 40> (0x00000000eb9f0788) thrown at [C:\re\workspace\8-2-build-windows-amd64-cygwin\jdk8u172\10810\hotspot\src\share\vm\interpreter\interpreterRuntime.cpp, line 366]

Events (10 events):
Event: 1.119 loading class org/gradle/internal/logging/LoggingConfigurationBuildOptions$ConsoleOption
Event: 1.119 loading class org/gradle/internal/logging/LoggingConfigurationBuildOptions$ConsoleOption done
Event: 1.120 loading class org/gradle/internal/buildoption/StringBuildOption
Event: 1.120 loading class org/gradle/internal/buildoption/StringBuildOption done
Event: 1.121 loading class com/google/common/collect/HashBiMap
Event: 1.121 loading class com/google/common/collect/HashBiMap done
Event: 1.123 loading class com/google/common/collect/HashBiMap$Inverse
Event: 1.123 loading class com/google/common/collect/HashBiMap$Inverse done
Event: 1.125 loading class com/google/common/collect/CollectPreconditions
Event: 1.125 loading class com/google/common/collect/CollectPreconditions done


Dynamic libraries:
0x00007ff775d60000 - 0x00007ff775d97000 	C:\Program Files\Java\jdk1.8.0_172\bin\java.exe
0x00007fff79540000 - 0x00007fff79720000 	C:\Windows\SYSTEM32\ntdll.dll
0x00007fff77590000 - 0x00007fff7763e000 	C:\Windows\System32\KERNEL32.DLL
0x00007fff766b0000 - 0x00007fff76916000 	C:\Windows\System32\KERNELBASE.dll
0x00007fff76ca0000 - 0x00007fff76d41000 	C:\Windows\System32\ADVAPI32.dll
0x00007fff77dc0000 - 0x00007fff77e5d000 	C:\Windows\System32\msvcrt.dll
0x00007fff77a50000 - 0x00007fff77aab000 	C:\Windows\System32\sechost.dll
0x00007fff76d50000 - 0x00007fff76e6f000 	C:\Windows\System32\RPCRT4.dll
0x00007fff79380000 - 0x00007fff7950f000 	C:\Windows\System32\USER32.dll
0x00007fff76920000 - 0x00007fff76940000 	C:\Windows\System32\win32u.dll
0x00007fff776e0000 - 0x00007fff77708000 	C:\Windows\System32\GDI32.dll
0x00007fff75af0000 - 0x00007fff75c83000 	C:\Windows\System32\gdi32full.dll
0x00007fff75a50000 - 0x00007fff75aeb000 	C:\Windows\System32\msvcp_win.dll
0x00007fff75c90000 - 0x00007fff75d86000 	C:\Windows\System32\ucrtbase.dll
0x00007fff690f0000 - 0x00007fff69359000 	C:\Windows\WinSxS\amd64_microsoft.windows.common-controls_6595b64144ccf1df_6.0.16299.492_none_15c8d3609364b9b0\COMCTL32.dll
0x00007fff77ab0000 - 0x00007fff77db7000 	C:\Windows\System32\combase.dll
0x00007fff76990000 - 0x00007fff76a02000 	C:\Windows\System32\bcryptPrimitives.dll
0x00007fff76a10000 - 0x00007fff76a3d000 	C:\Windows\System32\IMM32.DLL
0x0000000060a50000 - 0x0000000060b22000 	C:\Program Files\Java\jdk1.8.0_172\jre\bin\msvcr100.dll
0x00000000601a0000 - 0x0000000060a43000 	C:\Program Files\Java\jdk1.8.0_172\jre\bin\server\jvm.dll
0x00007fff77e60000 - 0x00007fff77e68000 	C:\Windows\System32\PSAPI.DLL
0x00007fff68c20000 - 0x00007fff68c2a000 	C:\Windows\SYSTEM32\VERSION.dll
0x00007fff73c30000 - 0x00007fff73c53000 	C:\Windows\SYSTEM32\WINMM.dll
0x00007fff73bd0000 - 0x00007fff73bfa000 	C:\Windows\SYSTEM32\WINMMBASE.dll
0x00007fff76940000 - 0x00007fff7698a000 	C:\Windows\System32\cfgmgr32.dll
0x00007fff727c0000 - 0x00007fff727c9000 	C:\Windows\SYSTEM32\WSOCK32.dll
0x00007fff77520000 - 0x00007fff7758c000 	C:\Windows\System32\ws2_32.DLL
0x0000000060190000 - 0x000000006019f000 	C:\Program Files\Java\jdk1.8.0_172\jre\bin\verify.dll
0x0000000060160000 - 0x0000000060189000 	C:\Program Files\Java\jdk1.8.0_172\jre\bin\java.dll
0x0000000060140000 - 0x0000000060156000 	C:\Program Files\Java\jdk1.8.0_172\jre\bin\zip.dll
0x00007fff77f40000 - 0x00007fff79378000 	C:\Windows\System32\SHELL32.dll
0x00007fff77450000 - 0x00007fff774f6000 	C:\Windows\System32\shcore.dll
0x00007fff75f60000 - 0x00007fff766a7000 	C:\Windows\System32\windows.storage.dll
0x00007fff76f90000 - 0x00007fff76fe1000 	C:\Windows\System32\shlwapi.dll
0x00007fff75890000 - 0x00007fff758a1000 	C:\Windows\System32\kernel.appcore.dll
0x00007fff758d0000 - 0x00007fff7591c000 	C:\Windows\System32\powrprof.dll
0x00007fff75920000 - 0x00007fff7593b000 	C:\Windows\System32\profapi.dll
0x0000000060120000 - 0x000000006013a000 	C:\Program Files\Java\jdk1.8.0_172\jre\bin\net.dll
0x00007fff75120000 - 0x00007fff75186000 	C:\Windows\system32\mswsock.dll
0x0000000060100000 - 0x0000000060111000 	C:\Program Files\Java\jdk1.8.0_172\jre\bin\nio.dll

VM Arguments:
jvm_args: -Dorg.gradle.appname=gradlew 
java_command: org.gradle.wrapper.GradleWrapperMain installDebug
java_class_path (initial): C:\Users\DevilStromK\prokak\android\\gradle\wrapper\gradle-wrapper.jar
Launcher Type: SUN_STANDARD

Environment Variables:
JAVA_HOME=C:\Program Files\Java\jdk1.8.0_172
CLASSPATH=C:\Users\DevilStromK\prokak\android\\gradle\wrapper\gradle-wrapper.jar
PATH=C:\Python27\;C:\Python27\Scripts;C:\Windows\system32;C:\Windows;C:\Windows\System32\Wbem;C:\Windows\System32\WindowsPowerShell\v1.0\;C:\ProgramData\chocolatey\bin;C:\Program Files\nodejs\;C:\Program Files\Java\jdk1.8.0_172\bin;C:\Program Files\Git\cmd;C:\Program Files (x86)\Yarn\bin\;C:\Users\DevilStromK\AppData\Local\Microsoft\WindowsApps;C:\Users\DevilStromK\AppData\Roaming\npm;C:\Users\DevilStromK\AppData\Local\GitHubDesktop\bin;C:\Users\DevilStromK\AppData\Local\Yarn\bin
USERNAME=DevilStromK
OS=Windows_NT
PROCESSOR_IDENTIFIER=Intel64 Family 6 Model 69 Stepping 1, GenuineIntel



---------------  S Y S T E M  ---------------

OS: Windows 10.0 , 64 bit Build 16299 (10.0.16299.431)

CPU:total 4 (initial active 4) (2 cores per cpu, 2 threads per core) family 6 model 69 stepping 1, cmov, cx8, fxsr, mmx, sse, sse2, sse3, ssse3, sse4.1, sse4.2, popcnt, avx, avx2, aes, clmul, erms, lzcnt, ht, tsc, tscinvbit, bmi1, bmi2

Memory: 4k page, physical 4096792k(107568k free), swap 8293144k(2360k free)

vm_info: Java HotSpot(TM) 64-Bit Server VM (25.172-b11) for windows-amd64 JRE (1.8.0_172-b11), built on Mar 28 2018 21:21:52 by "java_re" with MS VC++ 10.0 (VS2010)

time: Tue Jul 10 14:36:08 2018
elapsed time: 1 seconds (0d 0h 0m 1s)

