#
# There is insufficient memory for the Java Runtime Environment to continue.
# Native memory allocation (malloc) failed to allocate 2060368 bytes for Chunk::new
# Possible reasons:
#   The system is out of physical RAM or swap space
#   In 32 bit mode, the process size limit was hit
# Possible solutions:
#   Reduce memory load on the system
#   Increase physical memory or swap space
#   Check if swap backing store is full
#   Use 64 bit Java on a 64 bit OS
#   Decrease Java heap size (-Xmx/-Xms)
#   Decrease number of Java threads
#   Decrease Java thread stack sizes (-Xss)
#   Set larger code cache with -XX:ReservedCodeCacheSize=
# This output file may be truncated or incomplete.
#
#  Out of Memory Error (allocation.cpp:390), pid=5872, tid=0x00000000000007a4
#
# JRE version: Java(TM) SE Runtime Environment (8.0_172-b11) (build 1.8.0_172-b11)
# Java VM: Java HotSpot(TM) 64-Bit Server VM (25.172-b11 mixed mode windows-amd64 compressed oops)
# Failed to write core dump. Minidumps are not enabled by default on client versions of Windows
#

---------------  T H R E A D  ---------------

Current thread (0x00000000171e9800):  JavaThread "C2 CompilerThread1" daemon [_thread_in_native, id=1956, stack(0x0000000018930000,0x0000000018a30000)]

Stack: [0x0000000018930000,0x0000000018a30000]
[error occurred during error reporting (printing stack bounds), id 0xc0000005]

Native frames: (J=compiled Java code, j=interpreted, Vv=VM code, C=native code)


Current CompileTask:
C2:4434504 11811  s    4       java.lang.reflect.Field::declaredAnnotations (59 bytes)


---------------  P R O C E S S  ---------------

Java Threads: ( => current thread )
  0x000000001d2f2800 JavaThread "build operations Thread 4" [_thread_blocked, id=5584, stack(0x000000002ac60000,0x000000002ad60000)]
  0x000000001d2f9800 JavaThread "build operations Thread 3" [_thread_blocked, id=5060, stack(0x000000002ab60000,0x000000002ac60000)]
  0x000000001d2f2000 JavaThread "build operations Thread 2" [_thread_blocked, id=5824, stack(0x000000002aa60000,0x000000002ab60000)]
  0x000000001d2f8800 JavaThread "build operations" [_thread_blocked, id=7984, stack(0x000000002a960000,0x000000002aa60000)]
  0x000000001d2f8000 JavaThread "Cache worker for Artifact transforms cache (C:\Users\DevilStromK\.gradle\caches\transforms-1)" [_thread_blocked, id=4496, stack(0x000000002a860000,0x000000002a960000)]
  0x000000001d2f0800 JavaThread "Cache worker for file hash cache (C:\Users\DevilStromK\testAPI5\android\.gradle\4.4\fileHashes)" [_thread_blocked, id=2456, stack(0x000000002a760000,0x000000002a860000)]
  0x000000001d2f7000 JavaThread "Stdin handler" [_thread_blocked, id=6956, stack(0x000000002a660000,0x000000002a760000)]
  0x000000001d2f5000 JavaThread "Asynchronous log dispatcher for DefaultDaemonConnection: socket connection from /127.0.0.1:56150 to /127.0.0.1:58535" [_thread_blocked, id=4636, stack(0x000000002a560000,0x000000002a660000)]
  0x000000001d2f4000 JavaThread "Daemon worker Thread 5" [_thread_in_Java, id=6164, stack(0x000000002a460000,0x000000002a560000)]
  0x000000001d2f1000 JavaThread "Cancel handler" [_thread_blocked, id=3572, stack(0x000000002a360000,0x000000002a460000)]
  0x000000001d2f3800 JavaThread "Handler for socket connection from /127.0.0.1:56150 to /127.0.0.1:58535" [_thread_in_native, id=5316, stack(0x000000002a260000,0x000000002a360000)]
  0x000000001d2f5800 JavaThread "Daemon Thread 4" [_thread_blocked, id=2380, stack(0x0000000028d60000,0x0000000028e60000)]
  0x000000001c8bc800 JavaThread "Device List Monitor" [_thread_in_native, id=984, stack(0x0000000025f60000,0x0000000026060000)]
  0x000000001c8bb000 JavaThread "Monitor" [_thread_in_native, id=5384, stack(0x0000000024620000,0x0000000024720000)]
  0x000000001c8b1000 JavaThread "Memory manager" [_thread_blocked, id=9764, stack(0x0000000021e50000,0x0000000021f50000)]
  0x000000001a161800 JavaThread "pool-1-thread-1" [_thread_blocked, id=6636, stack(0x0000000021b50000,0x0000000021c50000)]
  0x000000001a163800 JavaThread "File lock request listener" [_thread_in_native, id=9652, stack(0x000000001c020000,0x000000001c120000)]
  0x000000001a15e800 JavaThread "Cache worker for file hash cache (C:\Users\DevilStromK\.gradle\caches\4.4\fileHashes)" [_thread_blocked, id=2088, stack(0x000000001bf20000,0x000000001c020000)]
  0x0000000018c4e800 JavaThread "Daemon periodic checks" [_thread_blocked, id=5812, stack(0x000000001b420000,0x000000001b520000)]
  0x0000000019fb6800 JavaThread "Incoming local TCP Connector on port 56150" [_thread_in_native, id=8544, stack(0x000000001af40000,0x000000001b040000)]
  0x0000000019549000 JavaThread "Daemon health stats" [_thread_blocked, id=7972, stack(0x000000001a900000,0x000000001aa00000)]
  0x0000000018a94800 JavaThread "Service Thread" daemon [_thread_blocked, id=7244, stack(0x0000000018f30000,0x0000000019030000)]
  0x00000000171ef000 JavaThread "C1 CompilerThread2" daemon [_thread_in_vm, id=732, stack(0x0000000018e30000,0x0000000018f30000)]
=>0x00000000171e9800 JavaThread "C2 CompilerThread1" daemon [_thread_in_native, id=1956, stack(0x0000000018930000,0x0000000018a30000)]
  0x00000000171e5800 JavaThread "C2 CompilerThread0" daemon [_thread_blocked, id=4844, stack(0x0000000018830000,0x0000000018930000)]
  0x0000000017234000 JavaThread "Attach Listener" daemon [_thread_blocked, id=5276, stack(0x0000000018730000,0x0000000018830000)]
  0x0000000017233800 JavaThread "Signal Dispatcher" daemon [_thread_blocked, id=5252, stack(0x0000000018630000,0x0000000018730000)]
  0x0000000004b0b000 JavaThread "Finalizer" daemon [_thread_blocked, id=7748, stack(0x0000000018430000,0x0000000018530000)]
  0x00000000171a9000 JavaThread "Reference Handler" daemon [_thread_blocked, id=6368, stack(0x0000000018330000,0x0000000018430000)]
  0x000000000300e000 JavaThread "main" [_thread_blocked, id=8044, stack(0x0000000004810000,0x0000000004910000)]

Other Threads:
  0x00000000171a8000 VMThread [stack: 0x0000000018230000,0x0000000018330000] [id=4260]
  0x0000000018a95800 WatcherThread [stack: 0x0000000019030000,0x0000000019130000] [id=5888]

VM state:not at safepoint (normal execution)

VM Mutex/Monitor currently owned by a thread: None

Heap:
 PSYoungGen      total 172032K, used 55126K [0x00000000eab00000, 0x00000000f7100000, 0x0000000100000000)
  eden space 157184K, 25% used [0x00000000eab00000,0x00000000ed25d988,0x00000000f4480000)
  from space 14848K, 99% used [0x00000000f6280000,0x00000000f70f8070,0x00000000f7100000)
  to   space 18944K, 0% used [0x00000000f4c00000,0x00000000f4c00000,0x00000000f5e80000)
 ParOldGen       total 90624K, used 45925K [0x00000000c0000000, 0x00000000c5880000, 0x00000000eab00000)
  object space 90624K, 50% used [0x00000000c0000000,0x00000000c2cd96e0,0x00000000c5880000)
 Metaspace       used 65115K, capacity 68310K, committed 68504K, reserved 1107968K
  class space    used 8631K, capacity 9290K, committed 9392K, reserved 1048576K

Card table byte_map: [0x0000000013ed0000,0x00000000140e0000] byte_map_base: 0x00000000138d0000

Marking Bits: (ParMarkBitMap*) 0x0000000064683c10
 Begin Bits: [0x0000000014640000, 0x0000000015640000)
 End Bits:   [0x0000000015640000, 0x0000000016640000)

Polling page: 0x0000000002b00000

CodeCache: size=245760Kb used=34047Kb max_used=34047Kb free=211712Kb
 bounds [0x0000000004b10000, 0x0000000006c80000, 0x0000000013b10000]
 total_blobs=10967 nmethods=10183 adapters=696
 compilation: enabled

Compilation events (10 events):
Event: 4431.924 Thread 0x00000000171e5800 11966       4       java.lang.Long::numberOfTrailingZeros (116 bytes)
Event: 4431.925 Thread 0x00000000171e5800 nmethod 11966 0x00000000053b66d0 code [0x00000000053b6800, 0x00000000053b68d8]
Event: 4431.937 Thread 0x00000000171ef000 11968   !   3       com.android.builder.core.DefaultManifestParser::init (61 bytes)
Event: 4431.943 Thread 0x00000000171ef000 nmethod 11968 0x0000000006c74750 code [0x0000000006c74920, 0x0000000006c74f18]
Event: 4431.943 Thread 0x00000000171ef000 11970       3       java.util.stream.Collectors$$Lambda$117/1381511169::accept (11 bytes)
Event: 4431.943 Thread 0x00000000171ef000 nmethod 11970 0x0000000006c6f390 code [0x0000000006c6f500, 0x0000000006c6f828]
Event: 4431.943 Thread 0x00000000171ef000 11969       1       com.android.build.gradle.internal.api.LibraryVariantOutputImpl::getApkData (5 bytes)
Event: 4431.944 Thread 0x00000000171ef000 nmethod 11969 0x0000000006c6ead0 code [0x0000000006c6ec20, 0x0000000006c6ed30]
Event: 4431.953 Thread 0x00000000171ef000 11971       3       org.gradle.api.internal.artifacts.configurations.Configurations::getCapitalName (31 bytes)
Event: 4431.955 Thread 0x00000000171ef000 nmethod 11971 0x0000000006c77c50 code [0x0000000006c77e40, 0x0000000006c788b8]

GC Heap History (10 events):
Event: 50.476 GC heap before
{Heap before GC invocations=19 (full 2):
 PSYoungGen      total 143872K, used 101923K [0x00000000eab00000, 0x00000000f4a80000, 0x0000000100000000)
  eden space 133120K, 69% used [0x00000000eab00000,0x00000000f04b8df8,0x00000000f2d00000)
  from space 10752K, 93% used [0x00000000f3880000,0x00000000f424ff58,0x00000000f4300000)
  to   space 11776K, 0% used [0x00000000f2d00000,0x00000000f2d00000,0x00000000f3880000)
 ParOldGen       total 46080K, used 32036K [0x00000000c0000000, 0x00000000c2d00000, 0x00000000eab00000)
  object space 46080K, 69% used [0x00000000c0000000,0x00000000c1f491b0,0x00000000c2d00000)
 Metaspace       used 57024K, capacity 59084K, committed 59160K, reserved 1099776K
  class space    used 7917K, capacity 8451K, committed 8496K, reserved 1048576K
Event: 50.521 GC heap after
Heap after GC invocations=19 (full 2):
 PSYoungGen      total 144896K, used 11747K [0x00000000eab00000, 0x00000000f7000000, 0x0000000100000000)
  eden space 133120K, 0% used [0x00000000eab00000,0x00000000eab00000,0x00000000f2d00000)
  from space 11776K, 99% used [0x00000000f2d00000,0x00000000f3878c50,0x00000000f3880000)
  to   space 15872K, 0% used [0x00000000f6080000,0x00000000f6080000,0x00000000f7000000)
 ParOldGen       total 46080K, used 37871K [0x00000000c0000000, 0x00000000c2d00000, 0x00000000eab00000)
  object space 46080K, 82% used [0x00000000c0000000,0x00000000c24fbe38,0x00000000c2d00000)
 Metaspace       used 57024K, capacity 59084K, committed 59160K, reserved 1099776K
  class space    used 7917K, capacity 8451K, committed 8496K, reserved 1048576K
}
Event: 50.521 GC heap before
{Heap before GC invocations=20 (full 3):
 PSYoungGen      total 144896K, used 11747K [0x00000000eab00000, 0x00000000f7000000, 0x0000000100000000)
  eden space 133120K, 0% used [0x00000000eab00000,0x00000000eab00000,0x00000000f2d00000)
  from space 11776K, 99% used [0x00000000f2d00000,0x00000000f3878c50,0x00000000f3880000)
  to   space 15872K, 0% used [0x00000000f6080000,0x00000000f6080000,0x00000000f7000000)
 ParOldGen       total 46080K, used 37871K [0x00000000c0000000, 0x00000000c2d00000, 0x00000000eab00000)
  object space 46080K, 82% used [0x00000000c0000000,0x00000000c24fbe38,0x00000000c2d00000)
 Metaspace       used 57024K, capacity 59084K, committed 59160K, reserved 1099776K
  class space    used 7917K, capacity 8451K, committed 8496K, reserved 1048576K
Event: 51.087 GC heap after
Heap after GC invocations=20 (full 3):
 PSYoungGen      total 144896K, used 438K [0x00000000eab00000, 0x00000000f7000000, 0x0000000100000000)
  eden space 133120K, 0% used [0x00000000eab00000,0x00000000eab00000,0x00000000f2d00000)
  from space 11776K, 3% used [0x00000000f2d00000,0x00000000f2d6da80,0x00000000f3880000)
  to   space 15872K, 0% used [0x00000000f6080000,0x00000000f6080000,0x00000000f7000000)
 ParOldGen       total 90624K, used 45749K [0x00000000c0000000, 0x00000000c5880000, 0x00000000eab00000)
  object space 90624K, 50% used [0x00000000c0000000,0x00000000c2cad620,0x00000000c5880000)
 Metaspace       used 57024K, capacity 59084K, committed 59160K, reserved 1099776K
  class space    used 7917K, capacity 8451K, committed 8496K, reserved 1048576K
}
Event: 309.674 GC heap before
{Heap before GC invocations=21 (full 3):
 PSYoungGen      total 144896K, used 133558K [0x00000000eab00000, 0x00000000f7000000, 0x0000000100000000)
  eden space 133120K, 100% used [0x00000000eab00000,0x00000000f2d00000,0x00000000f2d00000)
  from space 11776K, 3% used [0x00000000f2d00000,0x00000000f2d6da80,0x00000000f3880000)
  to   space 15872K, 0% used [0x00000000f6080000,0x00000000f6080000,0x00000000f7000000)
 ParOldGen       total 90624K, used 45749K [0x00000000c0000000, 0x00000000c5880000, 0x00000000eab00000)
  object space 90624K, 50% used [0x00000000c0000000,0x00000000c2cad620,0x00000000c5880000)
 Metaspace       used 62686K, capacity 64910K, committed 65048K, reserved 1105920K
  class space    used 8452K, capacity 9000K, committed 9008K, reserved 1048576K
Event: 311.078 GC heap after
Heap after GC invocations=21 (full 3):
 PSYoungGen      total 161792K, used 9509K [0x00000000eab00000, 0x00000000f6a00000, 0x0000000100000000)
  eden space 152064K, 0% used [0x00000000eab00000,0x00000000eab00000,0x00000000f3f80000)
  from space 9728K, 97% used [0x00000000f6080000,0x00000000f69c96d0,0x00000000f6a00000)
  to   space 15872K, 0% used [0x00000000f4b00000,0x00000000f4b00000,0x00000000f5a80000)
 ParOldGen       total 90624K, used 45909K [0x00000000c0000000, 0x00000000c5880000, 0x00000000eab00000)
  object space 90624K, 50% used [0x00000000c0000000,0x00000000c2cd56e0,0x00000000c5880000)
 Metaspace       used 62686K, capacity 64910K, committed 65048K, reserved 1105920K
  class space    used 8452K, capacity 9000K, committed 9008K, reserved 1048576K
}
Event: 1143.220 GC heap before
{Heap before GC invocations=22 (full 3):
 PSYoungGen      total 161792K, used 161573K [0x00000000eab00000, 0x00000000f6a00000, 0x0000000100000000)
  eden space 152064K, 100% used [0x00000000eab00000,0x00000000f3f80000,0x00000000f3f80000)
  from space 9728K, 97% used [0x00000000f6080000,0x00000000f69c96d0,0x00000000f6a00000)
  to   space 15872K, 0% used [0x00000000f4b00000,0x00000000f4b00000,0x00000000f5a80000)
 ParOldGen       total 90624K, used 45909K [0x00000000c0000000, 0x00000000c5880000, 0x00000000eab00000)
  object space 90624K, 50% used [0x00000000c0000000,0x00000000c2cd56e0,0x00000000c5880000)
 Metaspace       used 63944K, capacity 66492K, committed 66712K, reserved 1107968K
  class space    used 8516K, capacity 9107K, committed 9136K, reserved 1048576K
Event: 1143.831 GC heap after
Heap after GC invocations=22 (full 3):
 PSYoungGen      total 179712K, used 13792K [0x00000000eab00000, 0x00000000f7380000, 0x0000000100000000)
  eden space 163840K, 0% used [0x00000000eab00000,0x00000000eab00000,0x00000000f4b00000)
  from space 15872K, 86% used [0x00000000f4b00000,0x00000000f5878060,0x00000000f5a80000)
  to   space 17408K, 0% used [0x00000000f6280000,0x00000000f6280000,0x00000000f7380000)
 ParOldGen       total 90624K, used 45917K [0x00000000c0000000, 0x00000000c5880000, 0x00000000eab00000)
  object space 90624K, 50% used [0x00000000c0000000,0x00000000c2cd76e0,0x00000000c5880000)
 Metaspace       used 63944K, capacity 66492K, committed 66712K, reserved 1107968K
  class space    used 8516K, capacity 9107K, committed 9136K, reserved 1048576K
}
Event: 4367.660 GC heap before
{Heap before GC invocations=23 (full 3):
 PSYoungGen      total 179712K, used 177632K [0x00000000eab00000, 0x00000000f7380000, 0x0000000100000000)
  eden space 163840K, 100% used [0x00000000eab00000,0x00000000f4b00000,0x00000000f4b00000)
  from space 15872K, 86% used [0x00000000f4b00000,0x00000000f5878060,0x00000000f5a80000)
  to   space 17408K, 0% used [0x00000000f6280000,0x00000000f6280000,0x00000000f7380000)
 ParOldGen       total 90624K, used 45917K [0x00000000c0000000, 0x00000000c5880000, 0x00000000eab00000)
  object space 90624K, 50% used [0x00000000c0000000,0x00000000c2cd76e0,0x00000000c5880000)
 Metaspace       used 64787K, capacity 67910K, committed 68248K, reserved 1107968K
  class space    used 8608K, capacity 9268K, committed 9392K, reserved 1048576K
Event: 4368.298 GC heap after
Heap after GC invocations=23 (full 3):
 PSYoungGen      total 172032K, used 14816K [0x00000000eab00000, 0x00000000f7100000, 0x0000000100000000)
  eden space 157184K, 0% used [0x00000000eab00000,0x00000000eab00000,0x00000000f4480000)
  from space 14848K, 99% used [0x00000000f6280000,0x00000000f70f8070,0x00000000f7100000)
  to   space 18944K, 0% used [0x00000000f4c00000,0x00000000f4c00000,0x00000000f5e80000)
 ParOldGen       total 90624K, used 45925K [0x00000000c0000000, 0x00000000c5880000, 0x00000000eab00000)
  object space 90624K, 50% used [0x00000000c0000000,0x00000000c2cd96e0,0x00000000c5880000)
 Metaspace       used 64787K, capacity 67910K, committed 68248K, reserved 1107968K
  class space    used 8608K, capacity 9268K, committed 9392K, reserved 1048576K
}

Deoptimization events (10 events):
Event: 4369.536 Thread 0x000000001d2f4000 Uncommon trap: reason=class_check action=maybe_recompile pc=0x00000000065b7870 method=org.gradle.internal.logging.sink.OutputEventRenderer$4.onOutput(Lorg/gradle/internal/logging/events/OutputEvent;)V @ 11
Event: 4369.536 Thread 0x000000001d2f4000 Uncommon trap: reason=class_check action=maybe_recompile pc=0x00000000065b7870 method=org.gradle.internal.logging.sink.OutputEventRenderer$4.onOutput(Lorg/gradle/internal/logging/events/OutputEvent;)V @ 11
Event: 4369.536 Thread 0x000000001d2f4000 Uncommon trap: reason=class_check action=maybe_recompile pc=0x00000000065b7870 method=org.gradle.internal.logging.sink.OutputEventRenderer$4.onOutput(Lorg/gradle/internal/logging/events/OutputEvent;)V @ 11
Event: 4369.536 Thread 0x000000001d2f4000 Uncommon trap: reason=class_check action=maybe_recompile pc=0x00000000065b7870 method=org.gradle.internal.logging.sink.OutputEventRenderer$4.onOutput(Lorg/gradle/internal/logging/events/OutputEvent;)V @ 11
Event: 4369.758 Thread 0x000000001d2f5800 Uncommon trap: reason=array_check action=maybe_recompile pc=0x00000000054e3c14 method=java.util.ComparableTimSort.binarySort([Ljava/lang/Object;III)V @ 215
Event: 4369.785 Thread 0x000000001d2f5800 Uncommon trap: reason=array_check action=maybe_recompile pc=0x00000000054e3cd8 method=java.util.ComparableTimSort.binarySort([Ljava/lang/Object;III)V @ 193
Event: 4369.823 Thread 0x000000001d2f5800 Uncommon trap: reason=array_check action=maybe_recompile pc=0x00000000054e3cd8 method=java.util.ComparableTimSort.binarySort([Ljava/lang/Object;III)V @ 193
Event: 4369.831 Thread 0x000000001d2f5800 Uncommon trap: reason=unstable_if action=reinterpret pc=0x00000000065a1bec method=org.gradle.internal.remote.internal.inet.SocketConnection$SocketOutputStream.write([BII)V @ 64
Event: 4375.657 Thread 0x000000001c8bc800 Uncommon trap: reason=class_check action=maybe_recompile pc=0x00000000059f5cf0 method=java.lang.AbstractStringBuilder.append(Ljava/lang/CharSequence;)Ljava/lang/AbstractStringBuilder; @ 26
Event: 4375.657 Thread 0x000000001c8bc800 Uncommon trap: reason=class_check action=maybe_recompile pc=0x0000000005769aec method=java.lang.AbstractStringBuilder.append(Ljava/lang/CharSequence;II)Ljava/lang/AbstractStringBuilder; @ 18

Classes redefined (0 events):
No events

Internal exceptions (10 events):
Event: 4431.127 Thread 0x000000001d2f4000 Exception <a 'sun/nio/fs/WindowsException'> (0x00000000ec3cea28) thrown at [C:\re\workspace\8-2-build-windows-amd64-cygwin\jdk8u172\10810\hotspot\src\share\vm\prims\jni.cpp, line 709]
Event: 4431.127 Thread 0x000000001d2f4000 Exception <a 'sun/nio/fs/WindowsException'> (0x00000000ec3cf648) thrown at [C:\re\workspace\8-2-build-windows-amd64-cygwin\jdk8u172\10810\hotspot\src\share\vm\prims\jni.cpp, line 709]
Event: 4431.127 Thread 0x000000001d2f4000 Exception <a 'sun/nio/fs/WindowsException'> (0x00000000ec3d12b0) thrown at [C:\re\workspace\8-2-build-windows-amd64-cygwin\jdk8u172\10810\hotspot\src\share\vm\prims\jni.cpp, line 709]
Event: 4431.127 Thread 0x000000001d2f4000 Exception <a 'sun/nio/fs/WindowsException'> (0x00000000ec3d1f08) thrown at [C:\re\workspace\8-2-build-windows-amd64-cygwin\jdk8u172\10810\hotspot\src\share\vm\prims\jni.cpp, line 709]
Event: 4431.127 Thread 0x000000001d2f4000 Exception <a 'sun/nio/fs/WindowsException'> (0x00000000ec3d4b68) thrown at [C:\re\workspace\8-2-build-windows-amd64-cygwin\jdk8u172\10810\hotspot\src\share\vm\prims\jni.cpp, line 709]
Event: 4431.128 Thread 0x000000001d2f4000 Exception <a 'sun/nio/fs/WindowsException'> (0x00000000ec3d5800) thrown at [C:\re\workspace\8-2-build-windows-amd64-cygwin\jdk8u172\10810\hotspot\src\share\vm\prims\jni.cpp, line 709]
Event: 4431.128 Thread 0x000000001d2f4000 Exception <a 'sun/nio/fs/WindowsException'> (0x00000000ec3d74e0) thrown at [C:\re\workspace\8-2-build-windows-amd64-cygwin\jdk8u172\10810\hotspot\src\share\vm\prims\jni.cpp, line 709]
Event: 4431.128 Thread 0x000000001d2f4000 Exception <a 'sun/nio/fs/WindowsException'> (0x00000000ec3d81b0) thrown at [C:\re\workspace\8-2-build-windows-amd64-cygwin\jdk8u172\10810\hotspot\src\share\vm\prims\jni.cpp, line 709]
Event: 4431.381 Thread 0x000000001d2f4000 Exception <a 'sun/nio/fs/WindowsException'> (0x00000000eca5e858) thrown at [C:\re\workspace\8-2-build-windows-amd64-cygwin\jdk8u172\10810\hotspot\src\share\vm\prims\jni.cpp, line 709]
Event: 4431.660 Thread 0x000000001d2f4000 Exception <a 'sun/nio/fs/WindowsException'> (0x00000000ece73258) thrown at [C:\re\workspace\8-2-build-windows-amd64-cygwin\jdk8u172\10810\hotspot\src\share\vm\prims\jni.cpp, line 709]

Events (10 events):
Event: 4430.968 Thread 0x00000000171ef000 flushing nmethod 0x0000000005bf0b90
Event: 4431.064 Thread 0x00000000171ef000 flushing nmethod 0x0000000005c9e410
Event: 4431.168 Thread 0x00000000171e9800 flushing nmethod 0x0000000005f8f790
Event: 4431.170 Thread 0x00000000171ef000 flushing nmethod 0x0000000006007510
Event: 4431.170 Thread 0x00000000171ef000 flushing nmethod 0x000000000618d110
Event: 4431.179 Thread 0x00000000171ef000 flushing nmethod 0x000000000668a750
Event: 4431.180 Thread 0x00000000171ef000 flushing nmethod 0x000000000677a350
Event: 4431.182 Thread 0x00000000171ef000 flushing nmethod 0x00000000068de050
Event: 4431.544 loading class org/gradle/model/internal/registry/RuleBindings$1
Event: 4431.544 loading class org/gradle/model/internal/registry/RuleBindings$1 done


Dynamic libraries:
0x00007ff71e450000 - 0x00007ff71e487000 	C:\Program Files\Java\jdk1.8.0_172\bin\java.exe
0x00007ffa579e0000 - 0x00007ffa57bc0000 	C:\Windows\SYSTEM32\ntdll.dll
0x00007ffa550d0000 - 0x00007ffa5517e000 	C:\Windows\System32\KERNEL32.DLL
0x00007ffa542b0000 - 0x00007ffa54516000 	C:\Windows\System32\KERNELBASE.dll
0x00007ffa571a0000 - 0x00007ffa57241000 	C:\Windows\System32\ADVAPI32.dll
0x00007ffa55030000 - 0x00007ffa550cd000 	C:\Windows\System32\msvcrt.dll
0x00007ffa56f00000 - 0x00007ffa56f5b000 	C:\Windows\System32\sechost.dll
0x00007ffa557b0000 - 0x00007ffa558cf000 	C:\Windows\System32\RPCRT4.dll
0x00007ffa558d0000 - 0x00007ffa55a5f000 	C:\Windows\System32\USER32.dll
0x00007ffa54640000 - 0x00007ffa54660000 	C:\Windows\System32\win32u.dll
0x00007ffa57170000 - 0x00007ffa57198000 	C:\Windows\System32\GDI32.dll
0x00007ffa53fb0000 - 0x00007ffa54143000 	C:\Windows\System32\gdi32full.dll
0x00007ffa54520000 - 0x00007ffa545bb000 	C:\Windows\System32\msvcp_win.dll
0x00007ffa54660000 - 0x00007ffa54756000 	C:\Windows\System32\ucrtbase.dll
0x00007ffa466f0000 - 0x00007ffa46959000 	C:\Windows\WinSxS\amd64_microsoft.windows.common-controls_6595b64144ccf1df_6.0.16299.492_none_15c8d3609364b9b0\COMCTL32.dll
0x00007ffa55190000 - 0x00007ffa55497000 	C:\Windows\System32\combase.dll
0x00007ffa545c0000 - 0x00007ffa54632000 	C:\Windows\System32\bcryptPrimitives.dll
0x00007ffa554c0000 - 0x00007ffa554ed000 	C:\Windows\System32\IMM32.DLL
0x0000000064710000 - 0x00000000647e2000 	C:\Program Files\Java\jdk1.8.0_172\jre\bin\msvcr100.dll
0x0000000063e60000 - 0x0000000064703000 	C:\Program Files\Java\jdk1.8.0_172\jre\bin\server\jvm.dll
0x00007ffa55020000 - 0x00007ffa55028000 	C:\Windows\System32\PSAPI.DLL
0x00007ffa4be70000 - 0x00007ffa4be79000 	C:\Windows\SYSTEM32\WSOCK32.dll
0x00007ffa56f60000 - 0x00007ffa56fcc000 	C:\Windows\System32\WS2_32.dll
0x00007ffa44c30000 - 0x00007ffa44c3a000 	C:\Windows\SYSTEM32\VERSION.dll
0x00007ffa52060000 - 0x00007ffa52083000 	C:\Windows\SYSTEM32\WINMM.dll
0x00007ffa52000000 - 0x00007ffa5202a000 	C:\Windows\SYSTEM32\winmmbase.dll
0x00007ffa54150000 - 0x00007ffa5419a000 	C:\Windows\System32\cfgmgr32.dll
0x0000000063e50000 - 0x0000000063e5f000 	C:\Program Files\Java\jdk1.8.0_172\jre\bin\verify.dll
0x0000000063e20000 - 0x0000000063e49000 	C:\Program Files\Java\jdk1.8.0_172\jre\bin\java.dll
0x0000000063e00000 - 0x0000000063e16000 	C:\Program Files\Java\jdk1.8.0_172\jre\bin\zip.dll
0x00007ffa55ac0000 - 0x00007ffa56ef8000 	C:\Windows\System32\SHELL32.dll
0x00007ffa577f0000 - 0x00007ffa57896000 	C:\Windows\System32\shcore.dll
0x00007ffa54760000 - 0x00007ffa54ea7000 	C:\Windows\System32\windows.storage.dll
0x00007ffa55a60000 - 0x00007ffa55ab1000 	C:\Windows\System32\shlwapi.dll
0x00007ffa53d30000 - 0x00007ffa53d41000 	C:\Windows\System32\kernel.appcore.dll
0x00007ffa53d70000 - 0x00007ffa53dbc000 	C:\Windows\System32\powrprof.dll
0x00007ffa53d50000 - 0x00007ffa53d6b000 	C:\Windows\System32\profapi.dll
0x0000000063de0000 - 0x0000000063dfa000 	C:\Program Files\Java\jdk1.8.0_172\jre\bin\net.dll
0x00007ffa535c0000 - 0x00007ffa53626000 	C:\Windows\system32\mswsock.dll
0x0000000063dc0000 - 0x0000000063dd1000 	C:\Program Files\Java\jdk1.8.0_172\jre\bin\nio.dll
0x00007ffa45f30000 - 0x00007ffa45f4e000 	C:\Users\DevilStromK\.gradle\native\25\windows-amd64\native-platform.dll
0x0000000063db0000 - 0x0000000063dbd000 	C:\Program Files\Java\jdk1.8.0_172\jre\bin\management.dll
0x00007ffa53780000 - 0x00007ffa53797000 	C:\Windows\SYSTEM32\CRYPTSP.dll
0x00007ffa531c0000 - 0x00007ffa531f3000 	C:\Windows\system32\rsaenh.dll
0x00007ffa53890000 - 0x00007ffa538b5000 	C:\Windows\SYSTEM32\bcrypt.dll
0x00007ffa53c60000 - 0x00007ffa53c89000 	C:\Windows\SYSTEM32\USERENV.dll
0x00007ffa537a0000 - 0x00007ffa537ab000 	C:\Windows\SYSTEM32\CRYPTBASE.dll
0x00007ffa53350000 - 0x00007ffa53389000 	C:\Windows\SYSTEM32\IPHLPAPI.DLL
0x00007ffa55180000 - 0x00007ffa55188000 	C:\Windows\System32\NSI.dll
0x00007ffa4d000000 - 0x00007ffa4d016000 	C:\Windows\SYSTEM32\dhcpcsvc6.DLL
0x00007ffa4def0000 - 0x00007ffa4df0a000 	C:\Windows\SYSTEM32\dhcpcsvc.DLL
0x00007ffa53390000 - 0x00007ffa53446000 	C:\Windows\SYSTEM32\DNSAPI.dll
0x0000000065960000 - 0x0000000065986000 	C:\Program Files\Bonjour\mdnsNSP.dll
0x00007ffa47440000 - 0x00007ffa4744a000 	C:\Windows\System32\rasadhlp.dll
0x00007ffa480e0000 - 0x00007ffa48150000 	C:\Windows\System32\fwpuclnt.dll

VM Arguments:
jvm_args: -XX:+HeapDumpOnOutOfMemoryError -Xmx1024m -Dfile.encoding=x-windows-874 -Duser.country=US -Duser.language=en -Duser.variant 
java_command: org.gradle.launcher.daemon.bootstrap.GradleDaemon 4.4
java_class_path (initial): C:\Users\DevilStromK\.gradle\wrapper\dists\gradle-4.4-all\9br9xq1tocpiv8o6njlyu5op1\gradle-4.4\lib\gradle-launcher-4.4.jar
Launcher Type: SUN_STANDARD

Environment Variables:
JAVA_HOME=C:\Program Files\Java\jdk1.8.0_172
CLASSPATH=C:\Users\DevilStromK\testAPI5\android\\gradle\wrapper\gradle-wrapper.jar
PATH=C:\Python27\;C:\Python27\Scripts;C:\Windows\system32;C:\Windows;C:\Windows\System32\Wbem;C:\Windows\System32\WindowsPowerShell\v1.0\;C:\ProgramData\chocolatey\bin;C:\Program Files\nodejs\;C:\Program Files\Java\jdk1.8.0_172\bin;C:\Program Files\Git\cmd;C:\Users\DevilStromK\AppData\Local\Microsoft\WindowsApps;C:\Users\DevilStromK\AppData\Roaming\npm;C:\Users\DevilStromK\AppData\Local\GitHubDesktop\bin
USERNAME=DevilStromK
OS=Windows_NT
PROCESSOR_IDENTIFIER=Intel64 Family 6 Model 69 Stepping 1, GenuineIntel



---------------  S Y S T E M  ---------------

OS: Windows 10.0 , 64 bit Build 16299 (10.0.16299.431)

CPU:total 4 (initial active 4) (2 cores per cpu, 2 threads per core) family 6 model 69 stepping 1, cmov, cx8, fxsr, mmx, sse, sse2, sse3, ssse3, sse4.1, sse4.2, popcnt, avx, avx2, aes, clmul, erms, lzcnt, ht, tsc, tscinvbit, bmi1, bmi2

Memory: 4k page, physical 4096792k(59004k free), swap 8293144k(5336k free)

vm_info: Java HotSpot(TM) 64-Bit Server VM (25.172-b11) for windows-amd64 JRE (1.8.0_172-b11), built on Mar 28 2018 21:21:52 by "java_re" with MS VC++ 10.0 (VS2010)

time: Fri Jul 06 12:11:14 2018
elapsed time: 4431 seconds (0d 1h 13m 51s)

